Determining if the pthread_create exist failed with the following output:
Change Dir: /home/hongfeng/code/VDO_SLAM/build/CMakeFiles/CMakeTmp

Run Build Command:"/usr/bin/make" "cmTC_f20ad/fast"
/usr/bin/make -f CMakeFiles/cmTC_f20ad.dir/build.make CMakeFiles/cmTC_f20ad.dir/build
make[1]: 进入目录“/home/hongfeng/code/VDO_SLAM/build/CMakeFiles/CMakeTmp”
Building C object CMakeFiles/cmTC_f20ad.dir/CheckSymbolExists.c.o
/usr/bin/gcc   -Wall  -O3 -march=native     -o CMakeFiles/cmTC_f20ad.dir/CheckSymbolExists.c.o   -c /home/hongfeng/code/VDO_SLAM/build/CMakeFiles/CMakeTmp/CheckSymbolExists.c
Linking C executable cmTC_f20ad
/usr/bin/cmake -E cmake_link_script CMakeFiles/cmTC_f20ad.dir/link.txt --verbose=1
/usr/bin/gcc   -Wall  -O3 -march=native      -rdynamic CMakeFiles/cmTC_f20ad.dir/CheckSymbolExists.c.o  -o cmTC_f20ad 
CMakeFiles/cmTC_f20ad.dir/CheckSymbolExists.c.o：在函数‘main’中：
CheckSymbolExists.c:(.text.startup+0x3)：对‘pthread_create’未定义的引用
collect2: error: ld returned 1 exit status
CMakeFiles/cmTC_f20ad.dir/build.make:97: recipe for target 'cmTC_f20ad' failed
make[1]: *** [cmTC_f20ad] Error 1
make[1]: 离开目录“/home/hongfeng/code/VDO_SLAM/build/CMakeFiles/CMakeTmp”
Makefile:126: recipe for target 'cmTC_f20ad/fast' failed
make: *** [cmTC_f20ad/fast] Error 2

File /home/hongfeng/code/VDO_SLAM/build/CMakeFiles/CMakeTmp/CheckSymbolExists.c:
/* */
#include <pthread.h>

int main(int argc, char** argv)
{
  (void)argv;
#ifndef pthread_create
  return ((int*)(&pthread_create))[argc];
#else
  (void)argc;
  return 0;
#endif
}

Determining if the function pthread_create exists in the pthreads failed with the following output:
Change Dir: /home/hongfeng/code/VDO_SLAM/build/CMakeFiles/CMakeTmp

Run Build Command:"/usr/bin/make" "cmTC_6622a/fast"
/usr/bin/make -f CMakeFiles/cmTC_6622a.dir/build.make CMakeFiles/cmTC_6622a.dir/build
make[1]: 进入目录“/home/hongfeng/code/VDO_SLAM/build/CMakeFiles/CMakeTmp”
Building C object CMakeFiles/cmTC_6622a.dir/CheckFunctionExists.c.o
/usr/bin/gcc   -Wall  -O3 -march=native  -DCHECK_FUNCTION_EXISTS=pthread_create   -o CMakeFiles/cmTC_6622a.dir/CheckFunctionExists.c.o   -c /usr/share/cmake-3.10/Modules/CheckFunctionExists.c
Linking C executable cmTC_6622a
/usr/bin/cmake -E cmake_link_script CMakeFiles/cmTC_6622a.dir/link.txt --verbose=1
/usr/bin/gcc   -Wall  -O3 -march=native  -DCHECK_FUNCTION_EXISTS=pthread_create    -rdynamic CMakeFiles/cmTC_6622a.dir/CheckFunctionExists.c.o  -o cmTC_6622a -lpthreads 
/usr/bin/ld: 找不到 -lpthreads
collect2: error: ld returned 1 exit status
CMakeFiles/cmTC_6622a.dir/build.make:97: recipe for target 'cmTC_6622a' failed
make[1]: *** [cmTC_6622a] Error 1
make[1]: 离开目录“/home/hongfeng/code/VDO_SLAM/build/CMakeFiles/CMakeTmp”
Makefile:126: recipe for target 'cmTC_6622a/fast' failed
make: *** [cmTC_6622a/fast] Error 2


